<?xml version="1.0" encoding="UTF-8"?>
<!-- Generated by org.testng.reporters.JUnitReportReporter -->
<testsuite hostname="DESKTOP-EM2EMIA" failures="0" tests="2" name="DataProviderClass" time="23.284" errors="0" timestamp="16 Jun 2024 01:56:58 GMT">
  <testcase classname="DataProviderClass" name="loginToApplication" time="11.705"/>
  <testcase classname="DataProviderClass" name="loginToApplication" time="11.579"/>
</testsuite> <!-- DataProviderClass -->
